[2026-06-22 08:46:12]	[done]
	build successfully !

[2026-06-22 09:44:43]	compilation failed at : "/home/admin/Devel/Embed/Supervisor/HARDWARE/GPIO.c", exit code: 1
command: 
  "/usr/bin/arm-none-eabi-gcc" -c -xc -std=c11 -IUSER -ISTM32F103x_FWLIB/inc -ICORE -I.cmsis/include -IRTE/_Target_1 -IUSER/font -IUSER/lcd -D"STM32F10X_HD" -D"USE_STDPERIPH_DRIVER" -mcpu=cortex-m3 -mthumb -Og -Wall -g -ffunction-sections -fdata-sections -funsigned-char --specs=nano.specs --specs=nosys.specs -o ./OBJ/Target_1/.obj/HARDWARE/GPIO.o -MMD ./HARDWARE/GPIO.c
   at unify_builder.Program.compileByMulThread(Int32 thrNum, CmdInfo[] cmds_, List`1 errLogs)
   at unify_builder.Program.Main(String[] args_)
---
./HARDWARE/GPIO.c:12:1: error: return type defaults to 'int' [-Wimplicit-int]
   12 | GPIO_QuickInit_FirstTime(GPIO_TypeDef* GPIOx, uint16_t Pin, GPIOSpeed_TypeDef Speed, GPIOMode_TypeDef Mode)
      | ^~~~~~~~~~~~~~~~~~~~~~~~
./HARDWARE/GPIO.c:12:1: warning: conflicting types for 'GPIO_QuickInit_FirstTime'
In file included from ./HARDWARE/GPIO.c:1:
./HARDWARE/GPIO.h:15:6: note: previous declaration of 'GPIO_QuickInit_FirstTime' with type 'void(GPIO_TypeDef *, uint16_t,  GPIOSpeed_TypeDef,  GPIOMode_TypeDef)' {aka 'void(GPIO_TypeDef *, short unsigned int,  GPIOSpeed_TypeDef,  GPIOMode_TypeDef)'}
   15 | void GPIO_QuickInit_FirstTime(GPIO_TypeDef* GPIOx, uint16_t Pin, GPIOSpeed_TypeDef Speed, GPIOMode_TypeDef Mode);
      |      ^~~~~~~~~~~~~~~~~~~~~~~~
./HARDWARE/GPIO.c: In function 'GPIO_QuickInit_FirstTime':
./HARDWARE/GPIO.c:14:13: error: switch quantity not an integer
   14 |     switch (GPIOx)
      |             ^~~~~
./HARDWARE/GPIO.c:16:5: error: pointers are not permitted as case values
   16 |     case GPIOA:
      |     ^~~~
./HARDWARE/GPIO.c:19:5: error: pointers are not permitted as case values
   19 |     case GPIOB:
      |     ^~~~
./HARDWARE/GPIO.c:22:5: error: pointers are not permitted as case values
   22 |     case GPIOC:
      |     ^~~~
./HARDWARE/GPIO.c:25:5: error: pointers are not permitted as case values
   25 |     case GPIOD:
      |     ^~~~
./HARDWARE/GPIO.c:28:5: error: pointers are not permitted as case values
   28 |     case GPIOE:
      |     ^~~~
./HARDWARE/GPIO.c:31:5: error: pointers are not permitted as case values
   31 |     case GPIOF:
      |     ^~~~
./HARDWARE/GPIO.c:34:5: error: pointers are not permitted as case values
   34 |     case GPIOG:
      |     ^~~~

[2026-06-22 09:49:47]	compilation failed at : "/home/admin/Devel/Embed/Supervisor/HARDWARE/GPIO.c", exit code: 1
command: 
  "/usr/bin/arm-none-eabi-gcc" -c -xc -std=c11 -IUSER -ISTM32F103x_FWLIB/inc -ICORE -I.cmsis/include -IRTE/_Target_1 -IUSER/font -IUSER/lcd -D"STM32F10X_HD" -D"USE_STDPERIPH_DRIVER" -mcpu=cortex-m3 -mthumb -Og -Wall -g -ffunction-sections -fdata-sections -funsigned-char --specs=nano.specs --specs=nosys.specs -o ./OBJ/Target_1/.obj/HARDWARE/GPIO.o -MMD ./HARDWARE/GPIO.c
   at unify_builder.Program.compileByMulThread(Int32 thrNum, CmdInfo[] cmds_, List`1 errLogs)
   at unify_builder.Program.Main(String[] args_)
---
./HARDWARE/GPIO.c:12:1: error: return type defaults to 'int' [-Wimplicit-int]
   12 | GPIO_QuickInit_FirstTime(GPIO_TypeDef* GPIOx, uint16_t Pin, GPIOSpeed_TypeDef Speed, GPIOMode_TypeDef Mode)
      | ^~~~~~~~~~~~~~~~~~~~~~~~
./HARDWARE/GPIO.c:12:1: warning: conflicting types for 'GPIO_QuickInit_FirstTime'
In file included from ./HARDWARE/GPIO.c:1:
./HARDWARE/GPIO.h:15:6: note: previous declaration of 'GPIO_QuickInit_FirstTime' with type 'void(GPIO_TypeDef *, uint16_t,  GPIOSpeed_TypeDef,  GPIOMode_TypeDef)' {aka 'void(GPIO_TypeDef *, short unsigned int,  GPIOSpeed_TypeDef,  GPIOMode_TypeDef)'}
   15 | void GPIO_QuickInit_FirstTime(GPIO_TypeDef* GPIOx, uint16_t Pin, GPIOSpeed_TypeDef Speed, GPIOMode_TypeDef Mode);
      |      ^~~~~~~~~~~~~~~~~~~~~~~~
./HARDWARE/GPIO.c:22:5: warning: data definition has no type or storage class
   22 |     GPIO_QuickInit(GPIOx, Pin, Speed, Mode);
      |     ^~~~~~~~~~~~~~
./HARDWARE/GPIO.c:22:5: error: type defaults to 'int' in declaration of 'GPIO_QuickInit' [-Wimplicit-int]
./HARDWARE/GPIO.c:22:5: error: parameter names (without types) in function declaration [-Wdeclaration-missing-parameter-type]
./HARDWARE/GPIO.c:22:5: error: conflicting types for 'GPIO_QuickInit'; have 'int()'
./HARDWARE/GPIO.c:3:6: note: previous definition of 'GPIO_QuickInit' with type 'void(GPIO_TypeDef *, uint16_t,  GPIOSpeed_TypeDef,  GPIOMode_TypeDef)' {aka 'void(GPIO_TypeDef *, short unsigned int,  GPIOSpeed_TypeDef,  GPIOMode_TypeDef)'}
    3 | void GPIO_QuickInit(GPIO_TypeDef* GPIOx, uint16_t Pin, GPIOSpeed_TypeDef Speed, GPIOMode_TypeDef Mode)
      |      ^~~~~~~~~~~~~~
./HARDWARE/GPIO.c:23:1: error: expected identifier or '(' before '}' token
   23 | }
      | ^

[2026-06-22 09:51:06]	compilation failed at : "/home/admin/Devel/Embed/Supervisor/HARDWARE/GPIO.c", exit code: 1
command: 
  "/usr/bin/arm-none-eabi-gcc" -c -xc -std=c11 -IUSER -ISTM32F103x_FWLIB/inc -ICORE -I.cmsis/include -IRTE/_Target_1 -IUSER/font -IUSER/lcd -D"STM32F10X_HD" -D"USE_STDPERIPH_DRIVER" -mcpu=cortex-m3 -mthumb -Og -Wall -g -ffunction-sections -fdata-sections -funsigned-char --specs=nano.specs --specs=nosys.specs -o ./OBJ/Target_1/.obj/HARDWARE/GPIO.o -MMD ./HARDWARE/GPIO.c
   at unify_builder.Program.compileByMulThread(Int32 thrNum, CmdInfo[] cmds_, List`1 errLogs)
   at unify_builder.Program.Main(String[] args_)
---
./HARDWARE/GPIO.c:22:5: warning: data definition has no type or storage class
   22 |     GPIO_QuickInit(GPIOx, Pin, Speed, Mode);
      |     ^~~~~~~~~~~~~~
./HARDWARE/GPIO.c:22:5: error: type defaults to 'int' in declaration of 'GPIO_QuickInit' [-Wimplicit-int]
./HARDWARE/GPIO.c:22:5: error: parameter names (without types) in function declaration [-Wdeclaration-missing-parameter-type]
./HARDWARE/GPIO.c:22:5: error: conflicting types for 'GPIO_QuickInit'; have 'int()'
./HARDWARE/GPIO.c:3:6: note: previous definition of 'GPIO_QuickInit' with type 'void(GPIO_TypeDef *, uint16_t,  GPIOSpeed_TypeDef,  GPIOMode_TypeDef)' {aka 'void(GPIO_TypeDef *, short unsigned int,  GPIOSpeed_TypeDef,  GPIOMode_TypeDef)'}
    3 | void GPIO_QuickInit(GPIO_TypeDef* GPIOx, uint16_t Pin, GPIOSpeed_TypeDef Speed, GPIOMode_TypeDef Mode)
      |      ^~~~~~~~~~~~~~
./HARDWARE/GPIO.c:23:1: error: expected identifier or '(' before '}' token
   23 | }
      | ^

[2026-06-22 09:53:03]	compilation failed at : "/home/admin/Devel/Embed/Supervisor/HARDWARE/GPIO.c", exit code: 1
command: 
  "/usr/bin/arm-none-eabi-gcc" -c -xc -std=c11 -IUSER -ISTM32F103x_FWLIB/inc -ICORE -I.cmsis/include -IRTE/_Target_1 -IUSER/font -IUSER/lcd -D"STM32F10X_HD" -D"USE_STDPERIPH_DRIVER" -mcpu=cortex-m3 -mthumb -Og -Wall -g -ffunction-sections -fdata-sections -funsigned-char --specs=nano.specs --specs=nosys.specs -o ./OBJ/Target_1/.obj/HARDWARE/GPIO.o -MMD ./HARDWARE/GPIO.c
   at unify_builder.Program.compileByMulThread(Int32 thrNum, CmdInfo[] cmds_, List`1 errLogs)
   at unify_builder.Program.Main(String[] args_)
---
./HARDWARE/GPIO.c:22:5: warning: data definition has no type or storage class
   22 |     GPIO_QuickInit(GPIOx, Pin, Speed, Mode);
      |     ^~~~~~~~~~~~~~
./HARDWARE/GPIO.c:22:5: error: type defaults to 'int' in declaration of 'GPIO_QuickInit' [-Wimplicit-int]
./HARDWARE/GPIO.c:22:5: error: parameter names (without types) in function declaration [-Wdeclaration-missing-parameter-type]
./HARDWARE/GPIO.c:22:5: error: conflicting types for 'GPIO_QuickInit'; have 'int()'
./HARDWARE/GPIO.c:3:6: note: previous definition of 'GPIO_QuickInit' with type 'void(GPIO_TypeDef *, uint16_t,  GPIOSpeed_TypeDef,  GPIOMode_TypeDef)' {aka 'void(GPIO_TypeDef *, short unsigned int,  GPIOSpeed_TypeDef,  GPIOMode_TypeDef)'}
    3 | void GPIO_QuickInit(GPIO_TypeDef* GPIOx, uint16_t Pin, GPIOSpeed_TypeDef Speed, GPIOMode_TypeDef Mode)
      |      ^~~~~~~~~~~~~~
./HARDWARE/GPIO.c:23:1: error: expected identifier or '(' before '}' token
   23 | }
      | ^

[2026-06-22 09:55:25]	[done]
	build successfully !

[2026-06-22 10:00:05]	[done]
	build successfully !

[2026-06-22 10:18:44]	compilation failed at : "/home/admin/Devel/Embed/Supervisor/SYSTEM/delay/delay.c", exit code: 1
command: 
  "/usr/bin/arm-none-eabi-gcc" -c -xc -std=c11 -IUSER -ISTM32F103x_FWLIB/inc -ICORE -I.cmsis/include -IRTE/_Target_1 -IUSER/font -IUSER/lcd -D"STM32F10X_HD" -D"USE_STDPERIPH_DRIVER" -mcpu=cortex-m3 -mthumb -Og -Wall -g -ffunction-sections -fdata-sections -funsigned-char --specs=nano.specs --specs=nosys.specs -o ./OBJ/Target_1/.obj/SYSTEM/delay/delay.o -MMD ./SYSTEM/delay/delay.c
   at unify_builder.Program.compileByMulThread(Int32 thrNum, CmdInfo[] cmds_, List`1 errLogs)
   at unify_builder.Program.Main(String[] args_)
---
In file included from ./SYSTEM/delay/delay.c:1:
./SYSTEM/delay/delay.h:3:10: fatal error: sys.h: No such file or directory
    3 | #include "sys.h"
      |          ^~~~~~~
compilation terminated.

[2026-06-22 10:18:58]	[info] incremental build: 2 source files changed
These source files will be recompiled
---
'/home/admin/Devel/Embed/Supervisor/SYSTEM/delay/delay.c': object (.o) file not exist
'/home/admin/Devel/Embed/Supervisor/SYSTEM/usart/usart.c': object (.o) file not exist

[2026-06-22 10:18:58]	compilation failed at : "/home/admin/Devel/Embed/Supervisor/SYSTEM/delay/delay.c", exit code: 1
command: 
  "/usr/bin/arm-none-eabi-gcc" -c -xc -std=c11 -IUSER -ISTM32F103x_FWLIB/inc -ICORE -I.cmsis/include -IRTE/_Target_1 -IUSER/font -IUSER/lcd -D"STM32F10X_HD" -D"USE_STDPERIPH_DRIVER" -mcpu=cortex-m3 -mthumb -Og -Wall -g -ffunction-sections -fdata-sections -funsigned-char --specs=nano.specs --specs=nosys.specs -o ./OBJ/Target_1/.obj/SYSTEM/delay/delay.o -MMD ./SYSTEM/delay/delay.c
   at unify_builder.Program.Main(String[] args_)
---
In file included from ./SYSTEM/delay/delay.c:1:
./SYSTEM/delay/delay.h:3:10: fatal error: sys.h: No such file or directory
    3 | #include "sys.h"
      |          ^~~~~~~
compilation terminated.

[2026-06-22 10:19:30]	[done]
	build successfully !

[2026-06-22 10:20:27]	[done]
	build successfully !

[2026-06-22 10:21:10]	compilation failed at : "/home/admin/Devel/Embed/Supervisor/HARDWARE/DHT11.c", exit code: 1
command: 
  "/usr/bin/arm-none-eabi-gcc" -c -xc -std=c11 -IUSER -ISTM32F103x_FWLIB/inc -ICORE -I.cmsis/include -IRTE/_Target_1 -IUSER/font -IUSER/lcd -ISYSTEM/usart -ISYSTEM/sys -ISYSTEM/delay -IHARDWARE -D"STM32F10X_HD" -D"USE_STDPERIPH_DRIVER" -mcpu=cortex-m3 -mthumb -Og -Wall -g -ffunction-sections -fdata-sections -funsigned-char --specs=nano.specs --specs=nosys.specs -o ./OBJ/Target_1/.obj/HARDWARE/DHT11.o -MMD ./HARDWARE/DHT11.c
   at unify_builder.Program.compileByMulThread(Int32 thrNum, CmdInfo[] cmds_, List`1 errLogs)
   at unify_builder.Program.Main(String[] args_)
---
./HARDWARE/DHT11.c: In function 'DHT11_Mode_Out_PP':
./HARDWARE/DHT11.c:12:5: error: implicit declaration of function 'GPIO_QuickInit'; did you mean 'GPIO_StructInit'? [-Wimplicit-function-declaration]
   12 |     GPIO_QuickInit(DHT11_GPIO_PORT, DHT11_GPIO_PIN, GPIO_Speed_50MHz, GPIO_Mode_Out_PP);
      |     ^~~~~~~~~~~~~~
      |     GPIO_StructInit

[2026-06-22 10:21:34]	[done]
	build successfully !

[2026-06-22 10:24:53]	[done]
	build successfully !

[2026-06-22 10:25:56]	[done]
	build successfully !

[2026-06-22 10:29:12]	[done]
	build successfully !

[2026-06-22 10:32:47]	[done]
	build successfully !

[2026-06-22 10:33:05]	[done]
	build successfully !

[2026-06-22 10:35:00]	[done]
	build successfully !

[2026-06-22 10:38:39]	[done]
	build successfully !

[2026-06-22 10:47:03]	[done]
	build successfully !

[2026-06-22 10:50:49]	[done]
	build successfully !

[2026-06-22 10:52:27]	[done]
	build successfully !

[2026-06-22 10:56:55]	[done]
	build successfully !

[2026-06-22 10:59:23]	[done]
	build successfully !

[2026-06-22 11:01:28]	[done]
	build successfully !

[2026-06-22 11:01:51]	[done]
	build successfully !

[2026-06-22 11:08:24]	[done]
	build successfully !

[2026-06-22 11:14:19]	[done]
	build successfully !

[2026-06-22 11:16:24]	[done]
	build successfully !

[2026-06-22 11:16:50]	[done]
	build successfully !

[2026-06-22 11:16:59]	[info] incremental build: 5 source files changed
These source files will be recompiled
---
'/home/admin/Devel/Embed/Supervisor/HARDWARE/BEEP.c': dependence '/home/admin/Devel/Embed/Supervisor/HARDWARE/GPIO.h' has been changed.
'/home/admin/Devel/Embed/Supervisor/HARDWARE/DHT11.c': dependence '/home/admin/Devel/Embed/Supervisor/HARDWARE/GPIO.h' has been changed.
'/home/admin/Devel/Embed/Supervisor/HARDWARE/GPIO.c': dependence '/home/admin/Devel/Embed/Supervisor/HARDWARE/GPIO.h' has been changed.
'/home/admin/Devel/Embed/Supervisor/HARDWARE/LED.c': dependence '/home/admin/Devel/Embed/Supervisor/HARDWARE/GPIO.h' has been changed.
'/home/admin/Devel/Embed/Supervisor/USER/main.c': dependence '/home/admin/Devel/Embed/Supervisor/HARDWARE/GPIO.h' has been changed.

[2026-06-22 11:17:00]	[done]
	build successfully !

[2026-06-22 11:27:37]	compilation failed at : "/home/admin/Devel/Embed/Supervisor/HARDWARE/DHT11.c", exit code: 1
command: 
  "/usr/bin/arm-none-eabi-gcc" -c -xc -std=c11 -IUSER -ISTM32F103x_FWLIB/inc -ICORE -I.cmsis/include -IRTE/_Target_1 -IUSER/font -IUSER/lcd -ISYSTEM/usart -ISYSTEM/sys -ISYSTEM/delay -IHARDWARE -D"STM32F10X_HD" -D"USE_STDPERIPH_DRIVER" -mcpu=cortex-m3 -mthumb -Og -Wall -g -ffunction-sections -fdata-sections -funsigned-char --specs=nano.specs --specs=nosys.specs -o ./OBJ/Target_1/.obj/HARDWARE/DHT11.o -MMD ./HARDWARE/DHT11.c
   at unify_builder.Program.compileByMulThread(Int32 thrNum, CmdInfo[] cmds_, List`1 errLogs)
   at unify_builder.Program.Main(String[] args_)
---
In file included from ./HARDWARE/DHT11.c:1:
./HARDWARE/DHT11.h:5:10: fatal error: sys.h: No such file or directory
    5 | #include "sys.h"
      |          ^~~~~~~
compilation terminated.

[2026-06-22 11:28:17]	compilation failed at : "/home/admin/Devel/Embed/Supervisor/USER/stm32f10x_it.c", exit code: 1
command: 
  "/usr/bin/arm-none-eabi-gcc" -c -xc -std=c11 -IUSER -ISTM32F103x_FWLIB/inc -ICORE -I.cmsis/include -IRTE/_Target_1 -IUSER/font -IUSER/lcd -ISYSTEM/usart -ISYSTEM/sys -ISYSTEM/delay -IHARDWARE -D"STM32F10X_HD" -D"USE_STDPERIPH_DRIVER" -mcpu=cortex-m3 -mthumb -Og -Wall -g -ffunction-sections -fdata-sections -funsigned-char --specs=nano.specs --specs=nosys.specs -o ./OBJ/Target_1/.obj/USER/stm32f10x_it.o -MMD ./USER/stm32f10x_it.c
   at unify_builder.Program.compileByMulThread(Int32 thrNum, CmdInfo[] cmds_, List`1 errLogs)
   at unify_builder.Program.Main(String[] args_)
---
./USER/main.c:4:10: fatal error: usart.h: No such file or directory
    4 | #include "usart.h"
      |          ^~~~~~~~~
compilation terminated.
./USER/stm32f10x_it.c: In function 'USART1_IRQHandler':
./USER/stm32f10x_it.c:162:27: error: 'DEBUG_USARTx' undeclared (first use in this function)
  162 |     if (USART_GetITStatus(DEBUG_USARTx,USART_IT_RXNE)!=RESET) {
      |                           ^~~~~~~~~~~~
./USER/stm32f10x_it.c:162:27: note: each undeclared identifier is reported only once for each function it appears in

[2026-06-22 11:28:49]	compilation failed at : "/home/admin/Devel/Embed/Supervisor/USER/main.c", exit code: 1
command: 
  "/usr/bin/arm-none-eabi-gcc" -c -xc -std=c11 -IUSER -ISTM32F103x_FWLIB/inc -ICORE -I.cmsis/include -IRTE/_Target_1 -IUSER/font -IUSER/lcd -ISYSTEM/usart -ISYSTEM/sys -ISYSTEM/delay -IHARDWARE -D"STM32F10X_HD" -D"USE_STDPERIPH_DRIVER" -mcpu=cortex-m3 -mthumb -Og -Wall -g -ffunction-sections -fdata-sections -funsigned-char --specs=nano.specs --specs=nosys.specs -o ./OBJ/Target_1/.obj/USER/main.o -MMD ./USER/main.c
   at unify_builder.Program.compileByMulThread(Int32 thrNum, CmdInfo[] cmds_, List`1 errLogs)
   at unify_builder.Program.Main(String[] args_)
---
./USER/main.c:4:10: fatal error: usart.h: No such file or directory
    4 | #include "usart.h"
      |          ^~~~~~~~~
compilation terminated.

[2026-06-22 11:29:11]	compilation failed at : "/home/admin/Devel/Embed/Supervisor/USER/main.c", exit code: 1
command: 
  "/usr/bin/arm-none-eabi-gcc" -c -xc -std=c11 -IUSER -ISTM32F103x_FWLIB/inc -ICORE -I.cmsis/include -IRTE/_Target_1 -IUSER/font -IUSER/lcd -ISYSTEM/usart -ISYSTEM/sys -ISYSTEM/delay -IHARDWARE -D"STM32F10X_HD" -D"USE_STDPERIPH_DRIVER" -mcpu=cortex-m3 -mthumb -Og -Wall -g -ffunction-sections -fdata-sections -funsigned-char --specs=nano.specs --specs=nosys.specs -o ./OBJ/Target_1/.obj/USER/main.o -MMD ./USER/main.c
   at unify_builder.Program.compileByMulThread(Int32 thrNum, CmdInfo[] cmds_, List`1 errLogs)
   at unify_builder.Program.Main(String[] args_)
---
./USER/main.c: In function 'main':
./USER/main.c:12:9: error: implicit declaration of function 'uart_init' [-Wimplicit-function-declaration]
   12 |         uart_init(115200);              // 初始化串口1 (PA9/PA10)，波特率 115200
      |         ^~~~~~~~~

[2026-06-22 11:29:53]	[info] incremental build: 1 source files changed
These source files will be recompiled
---
'/home/admin/Devel/Embed/Supervisor/USER/main.c': source file has been changed.

[2026-06-22 11:29:53]	compilation failed at : "/home/admin/Devel/Embed/Supervisor/USER/main.c", exit code: 1
command: 
  "/usr/bin/arm-none-eabi-gcc" -c -xc -std=c11 -IUSER -ISTM32F103x_FWLIB/inc -ICORE -I.cmsis/include -IRTE/_Target_1 -IUSER/font -IUSER/lcd -ISYSTEM/usart -ISYSTEM/sys -ISYSTEM/delay -IHARDWARE -D"STM32F10X_HD" -D"USE_STDPERIPH_DRIVER" -mcpu=cortex-m3 -mthumb -Og -Wall -g -ffunction-sections -fdata-sections -funsigned-char --specs=nano.specs --specs=nosys.specs -o ./OBJ/Target_1/.obj/USER/main.o -MMD ./USER/main.c
   at unify_builder.Program.Main(String[] args_)
---
./USER/main.c: In function 'main':
./USER/main.c:12:9: error: too many arguments to function 'USART_Config'; expected 0, have 1
   12 |         USART_Config(0);
      |         ^~~~~~~~~~~~ ~
In file included from ./USER/main.c:4:
HARDWARE/USART.h:29:6: note: declared here
   29 | void USART_Config(void);
      |      ^~~~~~~~~~~~

[2026-06-22 11:30:01]	[info] incremental build: 1 source files changed
These source files will be recompiled
---
'/home/admin/Devel/Embed/Supervisor/USER/main.c': source file has been changed.

[2026-06-22 11:30:01]	link failed !, exit code: 1
   at unify_builder.Program.Main(String[] args_)
---
/usr/arm-none-eabi/bin/ld: /usr/lib/gcc/arm-none-eabi/16.1.0/../../../../arm-none-eabi/lib/thumb/v7-m/nofp/libc_nano.a(libc_a-closer.o): in function `_close_r':
/usr/arm-none-eabi/bin/ld: /usr/lib/gcc/arm-none-eabi/16.1.0/../../../../arm-none-eabi/lib/thumb/v7-m/nofp/libc_nano.a(libc_a-closer.o): note: the message above does not take linker garbage collection into account
/build/arm-none-eabi-newlib/src/build-nano/arm-none-eabi/thumb/v7-m/nofp/newlib/../../../../../../newlib-4.6.0.20260123/newlib/libc/reent/closer.c:47:(.text._close_r+0xc): warning: _close is not implemented and will always fail
/usr/arm-none-eabi/bin/ld: /usr/lib/gcc/arm-none-eabi/16.1.0/../../../../arm-none-eabi/lib/thumb/v7-m/nofp/libc_nano.a(libc_a-lseekr.o): note: the message above does not take linker garbage collection into account
/usr/arm-none-eabi/bin/ld: /usr/lib/gcc/arm-none-eabi/16.1.0/../../../../arm-none-eabi/lib/thumb/v7-m/nofp/libc_nano.a(libc_a-lseekr.o): in function `_lseek_r':
/build/arm-none-eabi-newlib/src/build-nano/arm-none-eabi/thumb/v7-m/nofp/newlib/../../../../../../newlib-4.6.0.20260123/newlib/libc/reent/lseekr.c:49:(.text._lseek_r+0x10): warning: _lseek is not implemented and will always fail
/usr/arm-none-eabi/bin/ld: /usr/lib/gcc/arm-none-eabi/16.1.0/../../../../arm-none-eabi/lib/thumb/v7-m/nofp/libc_nano.a(libc_a-readr.o): in function `_read_r':
/build/arm-none-eabi-newlib/src/build-nano/arm-none-eabi/thumb/v7-m/nofp/newlib/../../../../../../newlib-4.6.0.20260123/newlib/libc/reent/readr.c:49:(.text._read_r+0x10): warning: _read is not implemented and will always fail
/usr/arm-none-eabi/bin/ld: /usr/lib/gcc/arm-none-eabi/16.1.0/../../../../arm-none-eabi/lib/thumb/v7-m/nofp/libc_nano.a(libc_a-writer.o): in function `_write_r':
/build/arm-none-eabi-newlib/src/build-nano/arm-none-eabi/thumb/v7-m/nofp/newlib/../../../../../../newlib-4.6.0.20260123/newlib/libc/reent/writer.c:49:(.text._write_r+0x10): warning: _write is not implemented and will always fail
/usr/arm-none-eabi/bin/ld: /usr/lib/gcc/arm-none-eabi/16.1.0/../../../../arm-none-eabi/lib/thumb/v7-m/nofp/libc_nano.a(libc_a-readr.o): note: the message above does not take linker garbage collection into account
/usr/arm-none-eabi/bin/ld: /usr/lib/gcc/arm-none-eabi/16.1.0/../../../../arm-none-eabi/lib/thumb/v7-m/nofp/libc_nano.a(libc_a-writer.o): note: the message above does not take linker garbage collection into account
/usr/arm-none-eabi/bin/ld: warning: ./OBJ/Target_1/Supervisor.elf has a LOAD segment with RWX permissions
/usr/arm-none-eabi/bin/ld: ./OBJ/Target_1/.obj/USER/main.o: in function `main':
/home/admin/Devel/Embed/Supervisor/./USER/main.c:12:(.text.main+0xa): undefined reference to `USART_Config'
/usr/arm-none-eabi/bin/ld: (USART_Config): Unknown destination type (ARM/Thumb) in ./OBJ/Target_1/.obj/USER/main.o
/home/admin/Devel/Embed/Supervisor/./USER/main.c:12:(.text.main+0xa): dangerous relocation: unsupported relocation
Memory region         Used Size  Region Size  %age Used
             RAM:        1576 B        48 KB      3.21%
           FLASH:        1732 B       256 KB      0.66%
collect2: error: ld returned 1 exit status


[2026-06-22 11:30:31]	[done]
	build successfully !

[2026-06-22 12:17:55]	[done]
	build successfully !

[2026-06-22 12:23:46]	link failed !, exit code: 1
   at unify_builder.Program.Main(String[] args_)
---
/usr/arm-none-eabi/bin/ld: /usr/lib/gcc/arm-none-eabi/16.1.0/../../../../arm-none-eabi/lib/thumb/v7-m/nofp/libc_nano.a(libc_a-closer.o): note: the message above does not take linker garbage collection into account
/usr/arm-none-eabi/bin/ld: /usr/lib/gcc/arm-none-eabi/16.1.0/../../../../arm-none-eabi/lib/thumb/v7-m/nofp/libc_nano.a(libc_a-lseekr.o): note: the message above does not take linker garbage collection into account
/usr/arm-none-eabi/bin/ld: /usr/lib/gcc/arm-none-eabi/16.1.0/../../../../arm-none-eabi/lib/thumb/v7-m/nofp/libc_nano.a(libc_a-readr.o): note: the message above does not take linker garbage collection into account
/usr/arm-none-eabi/bin/ld: /usr/lib/gcc/arm-none-eabi/16.1.0/../../../../arm-none-eabi/lib/thumb/v7-m/nofp/libc_nano.a(libc_a-closer.o): in function `_close_r':
/build/arm-none-eabi-newlib/src/build-nano/arm-none-eabi/thumb/v7-m/nofp/newlib/../../../../../../newlib-4.6.0.20260123/newlib/libc/reent/closer.c:47:(.text._close_r+0xc): warning: _close is not implemented and will always fail
/usr/arm-none-eabi/bin/ld: /usr/lib/gcc/arm-none-eabi/16.1.0/../../../../arm-none-eabi/lib/thumb/v7-m/nofp/libc_nano.a(libc_a-lseekr.o): in function `_lseek_r':
/build/arm-none-eabi-newlib/src/build-nano/arm-none-eabi/thumb/v7-m/nofp/newlib/../../../../../../newlib-4.6.0.20260123/newlib/libc/reent/lseekr.c:49:(.text._lseek_r+0x10): warning: _lseek is not implemented and will always fail
/usr/arm-none-eabi/bin/ld: /usr/lib/gcc/arm-none-eabi/16.1.0/../../../../arm-none-eabi/lib/thumb/v7-m/nofp/libc_nano.a(libc_a-readr.o): in function `_read_r':
/build/arm-none-eabi-newlib/src/build-nano/arm-none-eabi/thumb/v7-m/nofp/newlib/../../../../../../newlib-4.6.0.20260123/newlib/libc/reent/readr.c:49:(.text._read_r+0x10): warning: _read is not implemented and will always fail
/usr/arm-none-eabi/bin/ld: /usr/lib/gcc/arm-none-eabi/16.1.0/../../../../arm-none-eabi/lib/thumb/v7-m/nofp/libc_nano.a(libc_a-writer.o): in function `_write_r':
/build/arm-none-eabi-newlib/src/build-nano/arm-none-eabi/thumb/v7-m/nofp/newlib/../../../../../../newlib-4.6.0.20260123/newlib/libc/reent/writer.c:49:(.text._write_r+0x10): warning: _write is not implemented and will always fail
/usr/arm-none-eabi/bin/ld: /usr/lib/gcc/arm-none-eabi/16.1.0/../../../../arm-none-eabi/lib/thumb/v7-m/nofp/libc_nano.a(libc_a-writer.o): note: the message above does not take linker garbage collection into account
/usr/arm-none-eabi/bin/ld: warning: ./OBJ/Target_1/Supervisor.elf has a LOAD segment with RWX permissions
/usr/arm-none-eabi/bin/ld: ./OBJ/Target_1/.obj/USER/main.o: in function `main':
/home/admin/Devel/Embed/Supervisor/./USER/main.c:14:(.text.main+0xa): undefined reference to `TH_Init'
/usr/arm-none-eabi/bin/ld: (TH_Init): Unknown destination type (ARM/Thumb) in ./OBJ/Target_1/.obj/USER/main.o
/home/admin/Devel/Embed/Supervisor/./USER/main.c:14:(.text.main+0xa): dangerous relocation: unsupported relocation
/usr/arm-none-eabi/bin/ld: /home/admin/Devel/Embed/Supervisor/./USER/main.c:19:(.text.main+0xe): undefined reference to `TH_Update'
/usr/arm-none-eabi/bin/ld: (TH_Update): Unknown destination type (ARM/Thumb) in ./OBJ/Target_1/.obj/USER/main.o
/home/admin/Devel/Embed/Supervisor/./USER/main.c:19:(.text.main+0xe): dangerous relocation: unsupported relocation
Memory region         Used Size  Region Size  %age Used
             RAM:        1584 B        48 KB      3.22%
           FLASH:        4232 B       256 KB      1.61%
collect2: error: ld returned 1 exit status


[2026-06-22 12:27:56]	link failed !, exit code: 1
   at unify_builder.Program.Main(String[] args_)
---
/usr/arm-none-eabi/bin/ld: /usr/lib/gcc/arm-none-eabi/16.1.0/../../../../arm-none-eabi/lib/thumb/v7-m/nofp/libc_nano.a(libc_a-closer.o): in function `_close_r':
/build/arm-none-eabi-newlib/src/build-nano/arm-none-eabi/thumb/v7-m/nofp/newlib/../../../../../../newlib-4.6.0.20260123/newlib/libc/reent/closer.c:47:(.text._close_r+0xc): warning: _close is not implemented and will always fail
/usr/arm-none-eabi/bin/ld: /usr/lib/gcc/arm-none-eabi/16.1.0/../../../../arm-none-eabi/lib/thumb/v7-m/nofp/libc_nano.a(libc_a-closer.o): note: the message above does not take linker garbage collection into account
/usr/arm-none-eabi/bin/ld: /usr/lib/gcc/arm-none-eabi/16.1.0/../../../../arm-none-eabi/lib/thumb/v7-m/nofp/libc_nano.a(libc_a-lseekr.o): note: the message above does not take linker garbage collection into account
/usr/arm-none-eabi/bin/ld: /usr/lib/gcc/arm-none-eabi/16.1.0/../../../../arm-none-eabi/lib/thumb/v7-m/nofp/libc_nano.a(libc_a-lseekr.o): in function `_lseek_r':
/build/arm-none-eabi-newlib/src/build-nano/arm-none-eabi/thumb/v7-m/nofp/newlib/../../../../../../newlib-4.6.0.20260123/newlib/libc/reent/lseekr.c:49:(.text._lseek_r+0x10): warning: _lseek is not implemented and will always fail
/usr/arm-none-eabi/bin/ld: /usr/lib/gcc/arm-none-eabi/16.1.0/../../../../arm-none-eabi/lib/thumb/v7-m/nofp/libc_nano.a(libc_a-readr.o): in function `_read_r':
/build/arm-none-eabi-newlib/src/build-nano/arm-none-eabi/thumb/v7-m/nofp/newlib/../../../../../../newlib-4.6.0.20260123/newlib/libc/reent/readr.c:49:(.text._read_r+0x10): warning: _read is not implemented and will always fail
/usr/arm-none-eabi/bin/ld: /usr/lib/gcc/arm-none-eabi/16.1.0/../../../../arm-none-eabi/lib/thumb/v7-m/nofp/libc_nano.a(libc_a-readr.o): note: the message above does not take linker garbage collection into account
/usr/arm-none-eabi/bin/ld: /usr/lib/gcc/arm-none-eabi/16.1.0/../../../../arm-none-eabi/lib/thumb/v7-m/nofp/libc_nano.a(libc_a-writer.o): in function `_write_r':
/build/arm-none-eabi-newlib/src/build-nano/arm-none-eabi/thumb/v7-m/nofp/newlib/../../../../../../newlib-4.6.0.20260123/newlib/libc/reent/writer.c:49:(.text._write_r+0x10): warning: _write is not implemented and will always fail
/usr/arm-none-eabi/bin/ld: /usr/lib/gcc/arm-none-eabi/16.1.0/../../../../arm-none-eabi/lib/thumb/v7-m/nofp/libc_nano.a(libc_a-writer.o): note: the message above does not take linker garbage collection into account
/usr/arm-none-eabi/bin/ld: warning: ./OBJ/Target_1/Supervisor.elf has a LOAD segment with RWX permissions
/usr/arm-none-eabi/bin/ld: ./OBJ/Target_1/.obj/USER/main.o: in function `main':
/home/admin/Devel/Embed/Supervisor/./USER/main.c:14:(.text.main+0xa): undefined reference to `TH_Init'
/usr/arm-none-eabi/bin/ld: (TH_Init): Unknown destination type (ARM/Thumb) in ./OBJ/Target_1/.obj/USER/main.o
/home/admin/Devel/Embed/Supervisor/./USER/main.c:14:(.text.main+0xa): dangerous relocation: unsupported relocation
/usr/arm-none-eabi/bin/ld: /home/admin/Devel/Embed/Supervisor/./USER/main.c:19:(.text.main+0xe): undefined reference to `TH_Update'
/usr/arm-none-eabi/bin/ld: (TH_Update): Unknown destination type (ARM/Thumb) in ./OBJ/Target_1/.obj/USER/main.o
/home/admin/Devel/Embed/Supervisor/./USER/main.c:19:(.text.main+0xe): dangerous relocation: unsupported relocation
Memory region         Used Size  Region Size  %age Used
             RAM:        1584 B        48 KB      3.22%
           FLASH:        4232 B       256 KB      1.61%
collect2: error: ld returned 1 exit status


[2026-06-22 12:28:24]	[done]
	build successfully !

[2026-06-22 12:32:58]	[done]
	build successfully !

[2026-06-22 12:35:21]	[done]
	build successfully !

[2026-06-22 12:37:00]	[done]
	build successfully !

[2026-06-22 12:38:09]	[done]
	build successfully !

[2026-06-22 12:41:59]	[done]
	build successfully !

[2026-06-22 12:42:35]	[done]
	build successfully !

[2026-06-22 12:43:26]	[done]
	build successfully !

[2026-06-22 12:45:00]	[done]
	build successfully !

[2026-06-22 12:47:32]	[info] incremental build: 1 source files changed
These source files will be recompiled
---
'/home/admin/Devel/Embed/Supervisor/HARDWARE/thermohygrometer.c': source file has been changed.

[2026-06-22 12:47:32]	[done]
	build successfully !

[2026-06-22 12:48:57]	[done]
	build successfully !

[2026-06-22 12:51:39]	[done]
	build successfully !

[2026-06-22 12:56:01]	[done]
	build successfully !

[2026-06-22 13:00:20]	[done]
	build successfully !

[2026-06-22 13:01:46]	[done]
	build successfully !

[2026-06-22 13:06:21]	[done]
	build successfully !

[2026-06-22 13:09:04]	[done]
	build successfully !

[2026-06-22 13:12:48]	[done]
	build successfully !

[2026-06-22 13:15:04]	[done]
	build successfully !

[2026-06-22 13:21:16]	compilation failed at : "/home/admin/Devel/Embed/Supervisor/HARDWARE/thermohygrometer.c", exit code: 1
command: 
  "/usr/bin/arm-none-eabi-gcc" -c -xc -std=c11 -IUSER -ISTM32F103x_FWLIB/inc -ICORE -I.cmsis/include -IRTE/_Target_1 -IUSER/font -IUSER/lcd -ISYSTEM/usart -ISYSTEM/sys -ISYSTEM/delay -IHARDWARE -D"STM32F10X_HD" -D"USE_STDPERIPH_DRIVER" -mcpu=cortex-m3 -mthumb -Og -Wall -g -ffunction-sections -fdata-sections -funsigned-char --specs=nano.specs --specs=nosys.specs -o ./OBJ/Target_1/.obj/HARDWARE/thermohygrometer.o -MMD ./HARDWARE/thermohygrometer.c
   at unify_builder.Program.compileByMulThread(Int32 thrNum, CmdInfo[] cmds_, List`1 errLogs)
   at unify_builder.Program.Main(String[] args_)
---
./HARDWARE/thermohygrometer.c: In function 'TH_PlotTempCurve':
./HARDWARE/thermohygrometer.c:294:9: error: 'g_data_count' undeclared (first use in this function)
  294 |     if (g_data_count < 2)
      |         ^~~~~~~~~~~~
./HARDWARE/thermohygrometer.c:294:9: note: each undeclared identifier is reported only once for each function it appears in

[2026-06-22 13:21:52]	[done]
	build successfully !

[2026-06-22 13:26:14]	[done]
	build successfully !

[2026-06-22 13:28:55]	[done]
	build successfully !

[2026-06-22 13:32:24]	[done]
	build successfully !

[2026-06-22 13:44:30]	[done]
	build successfully !

[2026-06-22 13:44:36]	[done]
	build successfully !

[2026-06-22 13:45:51]	[done]
	build successfully !

[2026-06-22 13:46:00]	[done]
	build successfully !

[2026-06-22 13:46:44]	[done]
	build successfully !

[2026-06-22 13:47:37]	[done]
	build successfully !

[2026-06-22 13:52:34]	compilation failed at : "/home/admin/Devel/Embed/Supervisor/USER/main.c", exit code: 1
command: 
  "/usr/bin/arm-none-eabi-gcc" -c -xc -std=c11 -IUSER -ISTM32F103x_FWLIB/inc -ICORE -I.cmsis/include -IRTE/_Target_1 -IUSER/font -IUSER/lcd -ISYSTEM/usart -ISYSTEM/sys -ISYSTEM/delay -IHARDWARE -D"STM32F10X_HD" -D"USE_STDPERIPH_DRIVER" -mcpu=cortex-m3 -mthumb -Og -Wall -g -ffunction-sections -fdata-sections -funsigned-char --specs=nano.specs --specs=nosys.specs -o ./OBJ/Target_1/.obj/USER/main.o -MMD ./USER/main.c
   at unify_builder.Program.compileByMulThread(Int32 thrNum, CmdInfo[] cmds_, List`1 errLogs)
   at unify_builder.Program.Main(String[] args_)
---
./USER/main.c: In function 'main':
./USER/main.c:65:5: error: implicit declaration of function 'printf' [-Wimplicit-function-declaration]
   65 |     printf("\r\n=== 温湿度记录器启动 ===\r\n");
      |     ^~~~~~
./USER/main.c:8:1: note: include '<stdio.h>' or provide a declaration of 'printf'
    7 | #include "usart_console.h"
  +++ |+#include <stdio.h>
    8 | 
./USER/main.c:65:5: warning: incompatible implicit declaration of built-in function 'printf' [-Wbuiltin-declaration-mismatch]
   65 |     printf("\r\n=== 温湿度记录器启动 ===\r\n");
      |     ^~~~~~
./USER/main.c:65:5: note: include '<stdio.h>' or provide a declaration of 'printf'

[2026-06-22 13:53:08]	compilation failed at : "/home/admin/Devel/Embed/Supervisor/USER/main.c", exit code: 1
command: 
  "/usr/bin/arm-none-eabi-gcc" -c -xc -std=c11 -IUSER -ISTM32F103x_FWLIB/inc -ICORE -I.cmsis/include -IRTE/_Target_1 -IUSER/font -IUSER/lcd -ISYSTEM/usart -ISYSTEM/sys -ISYSTEM/delay -IHARDWARE -D"STM32F10X_HD" -D"USE_STDPERIPH_DRIVER" -mcpu=cortex-m3 -mthumb -Og -Wall -g -ffunction-sections -fdata-sections -funsigned-char --specs=nano.specs --specs=nosys.specs -o ./OBJ/Target_1/.obj/USER/main.o -MMD ./USER/main.c
   at unify_builder.Program.compileByMulThread(Int32 thrNum, CmdInfo[] cmds_, List`1 errLogs)
   at unify_builder.Program.Main(String[] args_)
---
./USER/main.c: In function 'main':
./USER/main.c:65:5: error: implicit declaration of function 'printf' [-Wimplicit-function-declaration]
   65 |     printf("\r\n=== 温湿度记录器启动 ===\r\n");
      |     ^~~~~~
./USER/main.c:8:1: note: include '<stdio.h>' or provide a declaration of 'printf'
    7 | #include "usart_console.h"
  +++ |+#include <stdio.h>
    8 | 
./USER/main.c:65:5: warning: incompatible implicit declaration of built-in function 'printf' [-Wbuiltin-declaration-mismatch]
   65 |     printf("\r\n=== 温湿度记录器启动 ===\r\n");
      |     ^~~~~~
./USER/main.c:65:5: note: include '<stdio.h>' or provide a declaration of 'printf'

[2026-06-22 13:53:24]	[info] incremental build: 1 source files changed
These source files will be recompiled
---
'/home/admin/Devel/Embed/Supervisor/USER/main.c': source file has been changed.

[2026-06-22 13:53:24]	compilation failed at : "/home/admin/Devel/Embed/Supervisor/USER/main.c", exit code: 1
command: 
  "/usr/bin/arm-none-eabi-gcc" -c -xc -std=c11 -IUSER -ISTM32F103x_FWLIB/inc -ICORE -I.cmsis/include -IRTE/_Target_1 -IUSER/font -IUSER/lcd -ISYSTEM/usart -ISYSTEM/sys -ISYSTEM/delay -IHARDWARE -D"STM32F10X_HD" -D"USE_STDPERIPH_DRIVER" -mcpu=cortex-m3 -mthumb -Og -Wall -g -ffunction-sections -fdata-sections -funsigned-char --specs=nano.specs --specs=nosys.specs -o ./OBJ/Target_1/.obj/USER/main.o -MMD ./USER/main.c
   at unify_builder.Program.Main(String[] args_)
---
./USER/main.c: In function 'main':
./USER/main.c:65:5: error: implicit declaration of function 'printf' [-Wimplicit-function-declaration]
   65 |     printf("\r\n=== 温湿度记录器启动 ===\r\n");
      |     ^~~~~~
./USER/main.c:8:1: note: include '<stdio.h>' or provide a declaration of 'printf'
    7 | #include "usart_console.h"
  +++ |+#include <stdio.h>
    8 | 
./USER/main.c:65:5: warning: incompatible implicit declaration of built-in function 'printf' [-Wbuiltin-declaration-mismatch]
   65 |     printf("\r\n=== 温湿度记录器启动 ===\r\n");
      |     ^~~~~~
./USER/main.c:65:5: note: include '<stdio.h>' or provide a declaration of 'printf'

[2026-06-22 13:53:31]	[info] incremental build: 1 source files changed
These source files will be recompiled
---
'/home/admin/Devel/Embed/Supervisor/USER/main.c': source file has been changed.

[2026-06-22 13:53:31]	compilation failed at : "/home/admin/Devel/Embed/Supervisor/USER/main.c", exit code: 1
command: 
  "/usr/bin/arm-none-eabi-gcc" -c -xc -std=c11 -IUSER -ISTM32F103x_FWLIB/inc -ICORE -I.cmsis/include -IRTE/_Target_1 -IUSER/font -IUSER/lcd -ISYSTEM/usart -ISYSTEM/sys -ISYSTEM/delay -IHARDWARE -D"STM32F10X_HD" -D"USE_STDPERIPH_DRIVER" -mcpu=cortex-m3 -mthumb -Og -Wall -g -ffunction-sections -fdata-sections -funsigned-char --specs=nano.specs --specs=nosys.specs -o ./OBJ/Target_1/.obj/USER/main.o -MMD ./USER/main.c
   at unify_builder.Program.Main(String[] args_)
---
./USER/main.c: In function 'main':
./USER/main.c:65:5: error: implicit declaration of function 'printf' [-Wimplicit-function-declaration]
   65 |     printf("\r\n=== 温湿度记录器启动 ===\r\n");
      |     ^~~~~~
./USER/main.c:8:1: note: include '<stdio.h>' or provide a declaration of 'printf'
    7 | #include "usart_console.h"
  +++ |+#include <stdio.h>
    8 | 
./USER/main.c:65:5: warning: incompatible implicit declaration of built-in function 'printf' [-Wbuiltin-declaration-mismatch]
   65 |     printf("\r\n=== 温湿度记录器启动 ===\r\n");
      |     ^~~~~~
./USER/main.c:65:5: note: include '<stdio.h>' or provide a declaration of 'printf'

[2026-06-22 13:55:09]	[info] incremental build: 1 source files changed
These source files will be recompiled
---
'/home/admin/Devel/Embed/Supervisor/USER/main.c': source file has been changed.

[2026-06-22 13:55:09]	[done]
	build successfully !

[2026-06-22 13:55:17]	[done]
	build successfully !

[2026-06-22 14:03:28]	[info] incremental build: 2 source files changed
These source files will be recompiled
---
'/home/admin/Devel/Embed/Supervisor/HARDWARE/data_logger.c': source file has been changed.
'/home/admin/Devel/Embed/Supervisor/USER/main.c': source file has been changed.

[2026-06-22 14:03:28]	[done]
	build successfully !

[2026-06-22 14:03:49]	[done]
	build successfully !

[2026-06-22 14:06:34]	[done]
	build successfully !

[2026-06-22 14:06:54]	[info] incremental build: 2 source files changed
These source files will be recompiled
---
'/home/admin/Devel/Embed/Supervisor/HARDWARE/data_logger.c': source file has been changed.
'/home/admin/Devel/Embed/Supervisor/USER/main.c': source file has been changed.

[2026-06-22 14:06:54]	[done]
	build successfully !

[2026-06-22 14:07:01]	[done]
	build successfully !

[2026-06-22 14:12:50]	[done]
	build successfully !

[2026-06-22 14:32:02]	[info] incremental build: 1 source files changed
These source files will be recompiled
---
'/home/admin/Devel/Embed/Supervisor/USER/main.c': source file has been changed.

[2026-06-22 14:32:02]	compilation failed at : "/home/admin/Devel/Embed/Supervisor/USER/main.c", exit code: 1
command: 
  "/usr/bin/arm-none-eabi-gcc" -c -xc -std=c11 -IUSER -ISTM32F103x_FWLIB/inc -ICORE -I.cmsis/include -IRTE/_Target_1 -IUSER/font -IUSER/lcd -ISYSTEM/usart -ISYSTEM/sys -ISYSTEM/delay -IHARDWARE -D"STM32F10X_HD" -D"USE_STDPERIPH_DRIVER" -mcpu=cortex-m3 -mthumb -Og -Wall -g -ffunction-sections -fdata-sections -funsigned-char --specs=nano.specs --specs=nosys.specs -o ./OBJ/Target_1/.obj/USER/main.o -MMD ./USER/main.c
   at unify_builder.Program.Main(String[] args_)
---
./USER/main.c: In function 'main':
./USER/main.c:121:9: error: expected ';' before 'delay_ms'
  121 |         delay_ms(1000);
      |         ^~~~~~~~
./USER/main.c:125:9: error: expected ';' before 'if'
  125 |         if (TH_IsDataValid())
      |         ^~

[2026-06-22 14:32:09]	[info] incremental build: 1 source files changed
These source files will be recompiled
---
'/home/admin/Devel/Embed/Supervisor/USER/main.c': source file has been changed.

[2026-06-22 14:32:09]	[done]
	build successfully !

[2026-06-22 14:33:25]	[info] incremental build: 1 source files changed
These source files will be recompiled
---
'/home/admin/Devel/Embed/Supervisor/USER/main.c': source file has been changed.

[2026-06-22 14:33:25]	[done]
	build successfully !

[2026-06-22 14:34:07]	[info] incremental build: 1 source files changed
These source files will be recompiled
---
'/home/admin/Devel/Embed/Supervisor/USER/main.c': source file has been changed.

[2026-06-22 14:34:07]	[done]
	build successfully !

[2026-06-22 14:34:25]	[info] incremental build: 6 source files changed
These source files will be recompiled
---
'/home/admin/Devel/Embed/Supervisor/HARDWARE/BEEP.c': dependence '/home/admin/Devel/Embed/Supervisor/HARDWARE/GPIO.h' has been changed.
'/home/admin/Devel/Embed/Supervisor/HARDWARE/DHT11.c': dependence '/home/admin/Devel/Embed/Supervisor/HARDWARE/GPIO.h' has been changed.
'/home/admin/Devel/Embed/Supervisor/HARDWARE/GPIO.c': dependence '/home/admin/Devel/Embed/Supervisor/HARDWARE/GPIO.h' has been changed.
'/home/admin/Devel/Embed/Supervisor/HARDWARE/LED.c': dependence '/home/admin/Devel/Embed/Supervisor/HARDWARE/GPIO.h' has been changed.
'/home/admin/Devel/Embed/Supervisor/HARDWARE/thermohygrometer.c': dependence '/home/admin/Devel/Embed/Supervisor/HARDWARE/GPIO.h' has been changed.
'/home/admin/Devel/Embed/Supervisor/USER/main.c': dependence '/home/admin/Devel/Embed/Supervisor/HARDWARE/GPIO.h' has been changed.

[2026-06-22 14:34:25]	[done]
	build successfully !

[2026-06-22 14:35:09]	[info] incremental build: 1 source files changed
These source files will be recompiled
---
'/home/admin/Devel/Embed/Supervisor/HARDWARE/LED.c': source file has been changed.

[2026-06-22 14:35:09]	[done]
	build successfully !

[2026-06-22 14:35:22]	[info] incremental build: 1 source files changed
These source files will be recompiled
---
'/home/admin/Devel/Embed/Supervisor/HARDWARE/LED.c': source file has been changed.

[2026-06-22 14:35:22]	[done]
	build successfully !

[2026-06-22 14:44:57]	[info] incremental build: 6 source files changed
These source files will be recompiled
---
'/home/admin/Devel/Embed/Supervisor/HARDWARE/BEEP.c': dependence '/home/admin/Devel/Embed/Supervisor/HARDWARE/GPIO.h' has been changed.
'/home/admin/Devel/Embed/Supervisor/HARDWARE/DHT11.c': dependence '/home/admin/Devel/Embed/Supervisor/HARDWARE/GPIO.h' has been changed.
'/home/admin/Devel/Embed/Supervisor/HARDWARE/GPIO.c': dependence '/home/admin/Devel/Embed/Supervisor/HARDWARE/GPIO.h' has been changed.
'/home/admin/Devel/Embed/Supervisor/HARDWARE/LED.c': dependence '/home/admin/Devel/Embed/Supervisor/HARDWARE/GPIO.h' has been changed.
'/home/admin/Devel/Embed/Supervisor/HARDWARE/thermohygrometer.c': dependence '/home/admin/Devel/Embed/Supervisor/HARDWARE/GPIO.h' has been changed.
'/home/admin/Devel/Embed/Supervisor/USER/main.c': source file has been changed.

[2026-06-22 14:44:57]	[done]
	build successfully !

[2026-06-22 14:45:35]	[done]
	build successfully !

[2026-06-22 14:50:25]	compilation failed at : "/home/admin/Devel/Embed/Supervisor/HARDWARE/tpad.c", exit code: 1
command: 
  "/usr/bin/arm-none-eabi-gcc" -c -xc -std=c11 -IUSER -ISTM32F103x_FWLIB/inc -ICORE -I.cmsis/include -IRTE/_Target_1 -IUSER/font -IUSER/lcd -ISYSTEM/usart -ISYSTEM/sys -ISYSTEM/delay -IHARDWARE -D"STM32F10X_HD" -D"USE_STDPERIPH_DRIVER" -mcpu=cortex-m3 -mthumb -Og -Wall -g -ffunction-sections -fdata-sections -funsigned-char --specs=nano.specs --specs=nosys.specs -o ./OBJ/Target_1/.obj/HARDWARE/tpad.o -MMD ./HARDWARE/tpad.c
   at unify_builder.Program.compileByMulThread(Int32 thrNum, CmdInfo[] cmds_, List`1 errLogs)
   at unify_builder.Program.Main(String[] args_)
---
./HARDWARE/tpad.c: In function 'TPAD_Reset':
./HARDWARE/tpad.c:91:5: error: implicit declaration of function 'SysTick_Delay_Ms' [-Wimplicit-function-declaration]
   91 |     SysTick_Delay_Ms(5);   // delay.c 中的 SysTick 毫秒延时
      |     ^~~~~~~~~~~~~~~~

[2026-06-22 14:51:16]	compilation failed at : "/home/admin/Devel/Embed/Supervisor/HARDWARE/tpad.c", exit code: 1
command: 
  "/usr/bin/arm-none-eabi-gcc" -c -xc -std=c11 -IUSER -ISTM32F103x_FWLIB/inc -ICORE -I.cmsis/include -IRTE/_Target_1 -IUSER/font -IUSER/lcd -ISYSTEM/usart -ISYSTEM/sys -ISYSTEM/delay -IHARDWARE -D"STM32F10X_HD" -D"USE_STDPERIPH_DRIVER" -mcpu=cortex-m3 -mthumb -Og -Wall -g -ffunction-sections -fdata-sections -funsigned-char --specs=nano.specs --specs=nosys.specs -o ./OBJ/Target_1/.obj/HARDWARE/tpad.o -MMD ./HARDWARE/tpad.c
   at unify_builder.Program.compileByMulThread(Int32 thrNum, CmdInfo[] cmds_, List`1 errLogs)
   at unify_builder.Program.Main(String[] args_)
---
./HARDWARE/tpad.c: In function 'TPAD_Reset':
./HARDWARE/tpad.c:91:5: error: implicit declaration of function 'delay_ms' [-Wimplicit-function-declaration]
   91 |     delay_ms(5);   // delay.c 中的 SysTick 毫秒延时
      |     ^~~~~~~~

[2026-06-22 14:51:50]	[done]
	build successfully !

[2026-06-22 14:51:53]	[done]
	build successfully !

[2026-06-22 14:53:53]	[info] incremental build: 2 source files changed
These source files will be recompiled
---
'/home/admin/Devel/Embed/Supervisor/HARDWARE/tpad.c': source file has been changed.
'/home/admin/Devel/Embed/Supervisor/USER/main.c': source file has been changed.

[2026-06-22 14:53:53]	[done]
	build successfully !

[2026-06-22 14:55:23]	[info] incremental build: 1 source files changed
These source files will be recompiled
---
'/home/admin/Devel/Embed/Supervisor/USER/main.c': source file has been changed.

[2026-06-22 14:55:23]	[done]
	build successfully !

[2026-06-22 14:55:30]	[done]
	build successfully !

[2026-06-22 14:56:15]	[done]
	build successfully !

[2026-06-22 14:58:32]	[info] incremental build: 2 source files changed
These source files will be recompiled
---
'/home/admin/Devel/Embed/Supervisor/HARDWARE/thermohygrometer.c': source file has been changed.
'/home/admin/Devel/Embed/Supervisor/USER/main.c': source file has been changed.

[2026-06-22 14:58:33]	[done]
	build successfully !

[2026-06-22 14:58:36]	[done]
	build successfully !

[2026-06-22 15:00:36]	[done]
	build successfully !

[2026-06-22 15:01:21]	[done]
	build successfully !

[2026-06-22 15:01:58]	[done]
	build successfully !

[2026-06-22 15:06:18]	[done]
	build successfully !

[2026-06-22 15:06:34]	[done]
	build successfully !

[2026-06-22 15:07:53]	[info] incremental build: 1 source files changed
These source files will be recompiled
---
'/home/admin/Devel/Embed/Supervisor/USER/main.c': source file has been changed.

[2026-06-22 15:07:53]	[done]
	build successfully !

[2026-06-22 15:11:24]	compilation failed at : "/home/admin/Devel/Embed/Supervisor/USER/stm32f10x_it.c", exit code: 1
command: 
  "/usr/bin/arm-none-eabi-gcc" -c -xc -std=c11 -IUSER -ISTM32F103x_FWLIB/inc -ICORE -I.cmsis/include -IRTE/_Target_1 -IUSER/font -IUSER/lcd -ISYSTEM/usart -ISYSTEM/sys -ISYSTEM/delay -IHARDWARE -D"STM32F10X_HD" -D"USE_STDPERIPH_DRIVER" -mcpu=cortex-m3 -mthumb -Og -Wall -g -ffunction-sections -fdata-sections -funsigned-char --specs=nano.specs --specs=nosys.specs -o ./OBJ/Target_1/.obj/USER/stm32f10x_it.o -MMD ./USER/stm32f10x_it.c
   at unify_builder.Program.compileByMulThread(Int32 thrNum, CmdInfo[] cmds_, List`1 errLogs)
   at unify_builder.Program.Main(String[] args_)
---
./USER/stm32f10x_it.c: In function 'TIM2_IRQHandler':
./USER/stm32f10x_it.c:174:13: error: 'K1_PRESSED' undeclared (first use in this function)
  174 |         if (K1_PRESSED && k1_last)
      |             ^~~~~~~~~~
./USER/stm32f10x_it.c:174:13: note: each undeclared identifier is reported only once for each function it appears in
./USER/stm32f10x_it.c:176:13: error: 'paused' undeclared (first use in this function)
  176 |             paused = !paused;
      |             ^~~~~~

[2026-06-22 15:12:10]	[info] incremental build: 1 source files changed
These source files will be recompiled
---
'/home/admin/Devel/Embed/Supervisor/USER/stm32f10x_it.c': source file has been changed.

[2026-06-22 15:12:10]	[done]
	build successfully !

[2026-06-22 15:14:14]	[info] incremental build: 2 source files changed
These source files will be recompiled
---
'/home/admin/Devel/Embed/Supervisor/USER/main.c': source file has been changed.
'/home/admin/Devel/Embed/Supervisor/USER/stm32f10x_it.c': source file has been changed.

[2026-06-22 15:14:14]	[done]
	build successfully !

[2026-06-22 15:14:53]	[info] incremental build: 1 source files changed
These source files will be recompiled
---
'/home/admin/Devel/Embed/Supervisor/USER/stm32f10x_it.c': source file has been changed.

[2026-06-22 15:14:53]	[done]
	build successfully !

[2026-06-22 15:15:11]	[done]
	build successfully !

[2026-06-23 09:34:10]	[done]
	build successfully !

[2026-06-23 09:34:12]	[done]
	build successfully !

[2026-06-23 09:48:23]	[info] incremental build: 1 source files changed
These source files will be recompiled
---
'/home/admin/Devel/Embed/Supervisor/USER/main.c': source file has been changed.

[2026-06-23 09:48:23]	[done]
	build successfully !

[2026-06-23 09:53:48]	[done]
	build successfully !

[2026-06-23 09:55:31]	[done]
	build successfully !

[2026-06-23 11:18:41]	[info] incremental build: 2 source files changed
These source files will be recompiled
---
'/home/admin/Devel/Embed/Supervisor/USER/main.c': source file has been changed.
'/home/admin/Devel/Embed/Supervisor/USER/stm32f10x_it.c': source file has been changed.

[2026-06-23 11:18:41]	link failed !, exit code: 1
   at unify_builder.Program.Main(String[] args_)
---
/usr/arm-none-eabi/bin/ld: warning: ./OBJ/Target_1/Supervisor.elf has a LOAD segment with RWX permissions
/usr/arm-none-eabi/bin/ld: ./OBJ/Target_1/.obj/USER/main.o: in function `main':
/home/admin/Devel/Embed/Supervisor/./USER/main.c:100:(.text.main+0x38): undefined reference to `Alarm_Init'
/usr/arm-none-eabi/bin/ld: (Alarm_Init): Unknown destination type (ARM/Thumb) in ./OBJ/Target_1/.obj/USER/main.o
/home/admin/Devel/Embed/Supervisor/./USER/main.c:100:(.text.main+0x38): dangerous relocation: unsupported relocation
/usr/arm-none-eabi/bin/ld: /home/admin/Devel/Embed/Supervisor/./USER/main.c:103:(.text.main+0x3c): undefined reference to `SC_Init'
/usr/arm-none-eabi/bin/ld: (SC_Init): Unknown destination type (ARM/Thumb) in ./OBJ/Target_1/.obj/USER/main.o
/home/admin/Devel/Embed/Supervisor/./USER/main.c:103:(.text.main+0x3c): dangerous relocation: unsupported relocation
/usr/arm-none-eabi/bin/ld: /home/admin/Devel/Embed/Supervisor/./USER/main.c:159:(.text.main+0xcc): undefined reference to `SC_Poll'
/usr/arm-none-eabi/bin/ld: (SC_Poll): Unknown destination type (ARM/Thumb) in ./OBJ/Target_1/.obj/USER/main.o
/home/admin/Devel/Embed/Supervisor/./USER/main.c:159:(.text.main+0xcc): dangerous relocation: unsupported relocation
/usr/arm-none-eabi/bin/ld: /home/admin/Devel/Embed/Supervisor/./USER/main.c:147:(.text.main+0x162): undefined reference to `SC_GetTempMin'
/usr/arm-none-eabi/bin/ld: (SC_GetTempMin): Unknown destination type (ARM/Thumb) in ./OBJ/Target_1/.obj/USER/main.o
/home/admin/Devel/Embed/Supervisor/./USER/main.c:147:(.text.main+0x162): dangerous relocation: unsupported relocation
/usr/arm-none-eabi/bin/ld: /home/admin/Devel/Embed/Supervisor/./USER/main.c:147:(.text.main+0x168): undefined reference to `SC_GetTempMax'
/usr/arm-none-eabi/bin/ld: (SC_GetTempMax): Unknown destination type (ARM/Thumb) in ./OBJ/Target_1/.obj/USER/main.o
/home/admin/Devel/Embed/Supervisor/./USER/main.c:147:(.text.main+0x168): dangerous relocation: unsupported relocation
/usr/arm-none-eabi/bin/ld: /home/admin/Devel/Embed/Supervisor/./USER/main.c:147:(.text.main+0x16e): undefined reference to `SC_GetHumiMin'
/usr/arm-none-eabi/bin/ld: (SC_GetHumiMin): Unknown destination type (ARM/Thumb) in ./OBJ/Target_1/.obj/USER/main.o
/home/admin/Devel/Embed/Supervisor/./USER/main.c:147:(.text.main+0x16e): dangerous relocation: unsupported relocation
/usr/arm-none-eabi/bin/ld: /home/admin/Devel/Embed/Supervisor/./USER/main.c:147:(.text.main+0x174): undefined reference to `SC_GetHumiMax'
/usr/arm-none-eabi/bin/ld: (SC_GetHumiMax): Unknown destination type (ARM/Thumb) in ./OBJ/Target_1/.obj/USER/main.o
/home/admin/Devel/Embed/Supervisor/./USER/main.c:147:(.text.main+0x174): dangerous relocation: unsupported relocation
/usr/arm-none-eabi/bin/ld: /home/admin/Devel/Embed/Supervisor/./USER/main.c:147:(.text.main+0x186): undefined reference to `Alarm_Check'
/usr/arm-none-eabi/bin/ld: (Alarm_Check): Unknown destination type (ARM/Thumb) in ./OBJ/Target_1/.obj/USER/main.o
/home/admin/Devel/Embed/Supervisor/./USER/main.c:147:(.text.main+0x186): dangerous relocation: unsupported relocation
/usr/arm-none-eabi/bin/ld: ./OBJ/Target_1/.obj/USER/stm32f10x_it.o: in function `USART1_IRQHandler':
/home/admin/Devel/Embed/Supervisor/./USER/stm32f10x_it.c:202:(.text.USART1_IRQHandler+0x18): undefined reference to `SC_ISR_ReceiveChar'
/usr/arm-none-eabi/bin/ld: (SC_ISR_ReceiveChar): Unknown destination type (ARM/Thumb) in ./OBJ/Target_1/.obj/USER/stm32f10x_it.o
/home/admin/Devel/Embed/Supervisor/./USER/stm32f10x_it.c:202:(.text.USART1_IRQHandler+0x18): dangerous relocation: unsupported relocation
Memory region         Used Size  Region Size  %age Used
             RAM:        2552 B        48 KB      5.19%
           FLASH:       19364 B       256 KB      7.39%
collect2: error: ld returned 1 exit status


[2026-06-23 11:21:10]	link failed !, exit code: 1
   at unify_builder.Program.Main(String[] args_)
---
/usr/arm-none-eabi/bin/ld: warning: ./OBJ/Target_1/Supervisor.elf has a LOAD segment with RWX permissions
/usr/arm-none-eabi/bin/ld: ./OBJ/Target_1/.obj/USER/main.o: in function `main':
/home/admin/Devel/Embed/Supervisor/USER/main.c:100:(.text.main+0x38): undefined reference to `Alarm_Init'
/usr/arm-none-eabi/bin/ld: (Alarm_Init): Unknown destination type (ARM/Thumb) in ./OBJ/Target_1/.obj/USER/main.o
/home/admin/Devel/Embed/Supervisor/USER/main.c:100:(.text.main+0x38): dangerous relocation: unsupported relocation
/usr/arm-none-eabi/bin/ld: /home/admin/Devel/Embed/Supervisor/USER/main.c:103:(.text.main+0x3c): undefined reference to `SC_Init'
/usr/arm-none-eabi/bin/ld: (SC_Init): Unknown destination type (ARM/Thumb) in ./OBJ/Target_1/.obj/USER/main.o
/home/admin/Devel/Embed/Supervisor/USER/main.c:103:(.text.main+0x3c): dangerous relocation: unsupported relocation
/usr/arm-none-eabi/bin/ld: /home/admin/Devel/Embed/Supervisor/USER/main.c:159:(.text.main+0xcc): undefined reference to `SC_Poll'
/usr/arm-none-eabi/bin/ld: (SC_Poll): Unknown destination type (ARM/Thumb) in ./OBJ/Target_1/.obj/USER/main.o
/home/admin/Devel/Embed/Supervisor/USER/main.c:159:(.text.main+0xcc): dangerous relocation: unsupported relocation
/usr/arm-none-eabi/bin/ld: /home/admin/Devel/Embed/Supervisor/USER/main.c:147:(.text.main+0x162): undefined reference to `SC_GetTempMin'
/usr/arm-none-eabi/bin/ld: (SC_GetTempMin): Unknown destination type (ARM/Thumb) in ./OBJ/Target_1/.obj/USER/main.o
/home/admin/Devel/Embed/Supervisor/USER/main.c:147:(.text.main+0x162): dangerous relocation: unsupported relocation
/usr/arm-none-eabi/bin/ld: /home/admin/Devel/Embed/Supervisor/USER/main.c:147:(.text.main+0x168): undefined reference to `SC_GetTempMax'
/usr/arm-none-eabi/bin/ld: (SC_GetTempMax): Unknown destination type (ARM/Thumb) in ./OBJ/Target_1/.obj/USER/main.o
/home/admin/Devel/Embed/Supervisor/USER/main.c:147:(.text.main+0x168): dangerous relocation: unsupported relocation
/usr/arm-none-eabi/bin/ld: /home/admin/Devel/Embed/Supervisor/USER/main.c:147:(.text.main+0x16e): undefined reference to `SC_GetHumiMin'
/usr/arm-none-eabi/bin/ld: (SC_GetHumiMin): Unknown destination type (ARM/Thumb) in ./OBJ/Target_1/.obj/USER/main.o
/home/admin/Devel/Embed/Supervisor/USER/main.c:147:(.text.main+0x16e): dangerous relocation: unsupported relocation
/usr/arm-none-eabi/bin/ld: /home/admin/Devel/Embed/Supervisor/USER/main.c:147:(.text.main+0x174): undefined reference to `SC_GetHumiMax'
/usr/arm-none-eabi/bin/ld: (SC_GetHumiMax): Unknown destination type (ARM/Thumb) in ./OBJ/Target_1/.obj/USER/main.o
/home/admin/Devel/Embed/Supervisor/USER/main.c:147:(.text.main+0x174): dangerous relocation: unsupported relocation
/usr/arm-none-eabi/bin/ld: /home/admin/Devel/Embed/Supervisor/USER/main.c:147:(.text.main+0x186): undefined reference to `Alarm_Check'
/usr/arm-none-eabi/bin/ld: (Alarm_Check): Unknown destination type (ARM/Thumb) in ./OBJ/Target_1/.obj/USER/main.o
/home/admin/Devel/Embed/Supervisor/USER/main.c:147:(.text.main+0x186): dangerous relocation: unsupported relocation
/usr/arm-none-eabi/bin/ld: ./OBJ/Target_1/.obj/USER/stm32f10x_it.o: in function `USART1_IRQHandler':
/home/admin/Devel/Embed/Supervisor/USER/stm32f10x_it.c:202:(.text.USART1_IRQHandler+0x18): undefined reference to `SC_ISR_ReceiveChar'
/usr/arm-none-eabi/bin/ld: (SC_ISR_ReceiveChar): Unknown destination type (ARM/Thumb) in ./OBJ/Target_1/.obj/USER/stm32f10x_it.o
/home/admin/Devel/Embed/Supervisor/USER/stm32f10x_it.c:202:(.text.USART1_IRQHandler+0x18): dangerous relocation: unsupported relocation
Memory region         Used Size  Region Size  %age Used
             RAM:        2552 B        48 KB      5.19%
           FLASH:       19364 B       256 KB      7.39%
collect2: error: ld returned 1 exit status


[2026-06-23 11:21:39]	link failed !, exit code: 1
   at unify_builder.Program.Main(String[] args_)
---
/usr/arm-none-eabi/bin/ld: warning: ./OBJ/Target_1/Supervisor.elf has a LOAD segment with RWX permissions
/usr/arm-none-eabi/bin/ld: ./OBJ/Target_1/.obj/USER/main.o: in function `main':
/home/admin/Devel/Embed/Supervisor/./USER/main.c:103:(.text.main+0x3c): undefined reference to `SC_Init'
/usr/arm-none-eabi/bin/ld: (SC_Init): Unknown destination type (ARM/Thumb) in ./OBJ/Target_1/.obj/USER/main.o
/home/admin/Devel/Embed/Supervisor/./USER/main.c:103:(.text.main+0x3c): dangerous relocation: unsupported relocation
/usr/arm-none-eabi/bin/ld: /home/admin/Devel/Embed/Supervisor/./USER/main.c:159:(.text.main+0xcc): undefined reference to `SC_Poll'
/usr/arm-none-eabi/bin/ld: (SC_Poll): Unknown destination type (ARM/Thumb) in ./OBJ/Target_1/.obj/USER/main.o
/home/admin/Devel/Embed/Supervisor/./USER/main.c:159:(.text.main+0xcc): dangerous relocation: unsupported relocation
/usr/arm-none-eabi/bin/ld: /home/admin/Devel/Embed/Supervisor/./USER/main.c:147:(.text.main+0x162): undefined reference to `SC_GetTempMin'
/usr/arm-none-eabi/bin/ld: (SC_GetTempMin): Unknown destination type (ARM/Thumb) in ./OBJ/Target_1/.obj/USER/main.o
/home/admin/Devel/Embed/Supervisor/./USER/main.c:147:(.text.main+0x162): dangerous relocation: unsupported relocation
/usr/arm-none-eabi/bin/ld: /home/admin/Devel/Embed/Supervisor/./USER/main.c:147:(.text.main+0x168): undefined reference to `SC_GetTempMax'
/usr/arm-none-eabi/bin/ld: (SC_GetTempMax): Unknown destination type (ARM/Thumb) in ./OBJ/Target_1/.obj/USER/main.o
/home/admin/Devel/Embed/Supervisor/./USER/main.c:147:(.text.main+0x168): dangerous relocation: unsupported relocation
/usr/arm-none-eabi/bin/ld: /home/admin/Devel/Embed/Supervisor/./USER/main.c:147:(.text.main+0x16e): undefined reference to `SC_GetHumiMin'
/usr/arm-none-eabi/bin/ld: (SC_GetHumiMin): Unknown destination type (ARM/Thumb) in ./OBJ/Target_1/.obj/USER/main.o
/home/admin/Devel/Embed/Supervisor/./USER/main.c:147:(.text.main+0x16e): dangerous relocation: unsupported relocation
/usr/arm-none-eabi/bin/ld: /home/admin/Devel/Embed/Supervisor/./USER/main.c:147:(.text.main+0x174): undefined reference to `SC_GetHumiMax'
/usr/arm-none-eabi/bin/ld: (SC_GetHumiMax): Unknown destination type (ARM/Thumb) in ./OBJ/Target_1/.obj/USER/main.o
/home/admin/Devel/Embed/Supervisor/./USER/main.c:147:(.text.main+0x174): dangerous relocation: unsupported relocation
/usr/arm-none-eabi/bin/ld: ./OBJ/Target_1/.obj/USER/stm32f10x_it.o: in function `USART1_IRQHandler':
/home/admin/Devel/Embed/Supervisor/./USER/stm32f10x_it.c:202:(.text.USART1_IRQHandler+0x18): undefined reference to `SC_ISR_ReceiveChar'
/usr/arm-none-eabi/bin/ld: (SC_ISR_ReceiveChar): Unknown destination type (ARM/Thumb) in ./OBJ/Target_1/.obj/USER/stm32f10x_it.o
/home/admin/Devel/Embed/Supervisor/./USER/stm32f10x_it.c:202:(.text.USART1_IRQHandler+0x18): dangerous relocation: unsupported relocation
Memory region         Used Size  Region Size  %age Used
             RAM:        2552 B        48 KB      5.19%
           FLASH:       20100 B       256 KB      7.67%
collect2: error: ld returned 1 exit status


[2026-06-23 11:21:51]	link failed !, exit code: 1
   at unify_builder.Program.Main(String[] args_)
---
/usr/arm-none-eabi/bin/ld: warning: ./OBJ/Target_1/Supervisor.elf has a LOAD segment with RWX permissions
/usr/arm-none-eabi/bin/ld: ./OBJ/Target_1/.obj/USER/main.o: in function `main':
/home/admin/Devel/Embed/Supervisor/./USER/main.c:103:(.text.main+0x3c): undefined reference to `SC_Init'
/usr/arm-none-eabi/bin/ld: (SC_Init): Unknown destination type (ARM/Thumb) in ./OBJ/Target_1/.obj/USER/main.o
/home/admin/Devel/Embed/Supervisor/./USER/main.c:103:(.text.main+0x3c): dangerous relocation: unsupported relocation
/usr/arm-none-eabi/bin/ld: /home/admin/Devel/Embed/Supervisor/./USER/main.c:159:(.text.main+0xcc): undefined reference to `SC_Poll'
/usr/arm-none-eabi/bin/ld: (SC_Poll): Unknown destination type (ARM/Thumb) in ./OBJ/Target_1/.obj/USER/main.o
/home/admin/Devel/Embed/Supervisor/./USER/main.c:159:(.text.main+0xcc): dangerous relocation: unsupported relocation
/usr/arm-none-eabi/bin/ld: /home/admin/Devel/Embed/Supervisor/./USER/main.c:147:(.text.main+0x162): undefined reference to `SC_GetTempMin'
/usr/arm-none-eabi/bin/ld: (SC_GetTempMin): Unknown destination type (ARM/Thumb) in ./OBJ/Target_1/.obj/USER/main.o
/home/admin/Devel/Embed/Supervisor/./USER/main.c:147:(.text.main+0x162): dangerous relocation: unsupported relocation
/usr/arm-none-eabi/bin/ld: /home/admin/Devel/Embed/Supervisor/./USER/main.c:147:(.text.main+0x168): undefined reference to `SC_GetTempMax'
/usr/arm-none-eabi/bin/ld: (SC_GetTempMax): Unknown destination type (ARM/Thumb) in ./OBJ/Target_1/.obj/USER/main.o
/home/admin/Devel/Embed/Supervisor/./USER/main.c:147:(.text.main+0x168): dangerous relocation: unsupported relocation
/usr/arm-none-eabi/bin/ld: /home/admin/Devel/Embed/Supervisor/./USER/main.c:147:(.text.main+0x16e): undefined reference to `SC_GetHumiMin'
/usr/arm-none-eabi/bin/ld: (SC_GetHumiMin): Unknown destination type (ARM/Thumb) in ./OBJ/Target_1/.obj/USER/main.o
/home/admin/Devel/Embed/Supervisor/./USER/main.c:147:(.text.main+0x16e): dangerous relocation: unsupported relocation
/usr/arm-none-eabi/bin/ld: /home/admin/Devel/Embed/Supervisor/./USER/main.c:147:(.text.main+0x174): undefined reference to `SC_GetHumiMax'
/usr/arm-none-eabi/bin/ld: (SC_GetHumiMax): Unknown destination type (ARM/Thumb) in ./OBJ/Target_1/.obj/USER/main.o
/home/admin/Devel/Embed/Supervisor/./USER/main.c:147:(.text.main+0x174): dangerous relocation: unsupported relocation
/usr/arm-none-eabi/bin/ld: ./OBJ/Target_1/.obj/USER/stm32f10x_it.o: in function `USART1_IRQHandler':
/home/admin/Devel/Embed/Supervisor/./USER/stm32f10x_it.c:202:(.text.USART1_IRQHandler+0x18): undefined reference to `SC_ISR_ReceiveChar'
/usr/arm-none-eabi/bin/ld: (SC_ISR_ReceiveChar): Unknown destination type (ARM/Thumb) in ./OBJ/Target_1/.obj/USER/stm32f10x_it.o
/home/admin/Devel/Embed/Supervisor/./USER/stm32f10x_it.c:202:(.text.USART1_IRQHandler+0x18): dangerous relocation: unsupported relocation
Memory region         Used Size  Region Size  %age Used
             RAM:        2552 B        48 KB      5.19%
           FLASH:       20100 B       256 KB      7.67%
collect2: error: ld returned 1 exit status


[2026-06-23 11:22:19]	[done]
	build successfully !

[2026-06-23 11:22:22]	[done]
	build successfully !

[2026-06-23 11:29:07]	[info] incremental build: 1 source files changed
These source files will be recompiled
---
'/home/admin/Devel/Embed/Supervisor/HARDWARE/alarm.c': source file has been changed.

[2026-06-23 11:29:07]	[done]
	build successfully !

[2026-06-23 11:31:42]	[info] incremental build: 2 source files changed
These source files will be recompiled
---
'/home/admin/Devel/Embed/Supervisor/HARDWARE/alarm.c': source file has been changed.
'/home/admin/Devel/Embed/Supervisor/HARDWARE/serial_cmd.c': source file has been changed.

[2026-06-23 11:31:42]	[done]
	build successfully !

[2026-06-23 11:35:09]	[info] incremental build: 4 source files changed
These source files will be recompiled
---
'/home/admin/Devel/Embed/Supervisor/HARDWARE/alarm.c': source file has been changed.
'/home/admin/Devel/Embed/Supervisor/HARDWARE/serial_cmd.c': source file has been changed.
'/home/admin/Devel/Embed/Supervisor/USER/main.c': dependence '/home/admin/Devel/Embed/Supervisor/HARDWARE/serial_cmd.h' has been changed.
'/home/admin/Devel/Embed/Supervisor/USER/stm32f10x_it.c': dependence '/home/admin/Devel/Embed/Supervisor/HARDWARE/serial_cmd.h' has been changed.

[2026-06-23 11:35:09]	[done]
	build successfully !

[2026-06-23 13:18:26]	[done]
	build successfully !

[2026-06-23 13:22:05]	[done]
	build successfully !

[2026-06-23 13:23:17]	[done]
	build successfully !

[2026-06-23 13:23:21]	[done]
	build successfully !

[2026-06-23 13:26:19]	[done]
	build successfully !

[2026-06-23 13:29:15]	[info] incremental build: 3 source files changed
These source files will be recompiled
---
'/home/admin/Devel/Embed/Supervisor/HARDWARE/alarm.c': source file has been changed.
'/home/admin/Devel/Embed/Supervisor/HARDWARE/serial_cmd.c': dependence '/home/admin/Devel/Embed/Supervisor/HARDWARE/alarm.h' has been changed.
'/home/admin/Devel/Embed/Supervisor/USER/main.c': source file has been changed.

[2026-06-23 13:29:15]	[done]
	build successfully !

[2026-06-23 13:41:54]	[info] incremental build: 2 source files changed
These source files will be recompiled
---
'/home/admin/Devel/Embed/Supervisor/HARDWARE/serial_cmd.c': source file has been changed.
'/home/admin/Devel/Embed/Supervisor/HARDWARE/thermohygrometer.c': source file has been changed.

[2026-06-23 13:41:54]	[done]
	build successfully !

[2026-06-23 13:47:54]	[done]
	build successfully !

[2026-06-23 13:49:23]	[done]
	build successfully !

[2026-06-23 13:51:41]	[done]
	build successfully !

[2026-06-23 13:56:22]	[done]
	build successfully !

[2026-06-23 13:58:08]	[done]
	build successfully !

[2026-06-23 14:04:02]	[done]
	build successfully !

[2026-06-23 14:08:00]	[done]
	build successfully !

[2026-06-23 14:17:14]	[done]
	build successfully !

[2026-06-23 14:18:07]	[info] incremental build: 1 source files changed
These source files will be recompiled
---
'/home/admin/Devel/Embed/Supervisor/HARDWARE/serial_cmd.c': source file has been changed.

[2026-06-23 14:18:07]	[done]
	build successfully !

[2026-06-23 14:21:59]	[done]
	build successfully !

[2026-06-23 14:24:20]	[done]
	build successfully !

[2026-06-23 14:25:59]	[done]
	build successfully !

[2026-06-23 14:34:57]	[done]
	build successfully !

